ISim log file
Running: F:\College\Sem2\EECE 444\Labs\Lab1\BCD2Bin\greater4bit_tb_isim_beh.exe -intstyle ise -gui -tclbatch isim.cmd -wdb F:/College/Sem2/EECE 444/Labs/Lab1/BCD2Bin/greater4bit_tb_isim_beh.wdb 
ISim P.20131013 (signature 0x7708f090)
WARNING: A WEBPACK license was found.
WARNING: Please use Xilinx License Configuration Manager to check out a full ISim license.
WARNING: ISim will run in Lite mode. Please refer to the ISim documentation for more information on the differences between the Lite and the Full version.
This is a Lite version of ISim.
Time resolution is 1 ps
# onerror resume
# wave add /
# run 1000 ns
Simulator is doing circuit initialization process.
Finished circuit initialization process.
a = 0000, b = 1111, Ans = 0, Exp Ans = 0
a = 1111, b = 0000, Ans = 1, Exp Ans = 1
a = 0001, b = 0100, Ans = 0, Exp Ans = 0
a = 0100, b = 0100, Ans = 0, Exp Ans = 0
a = 0100, b = 0101, Ans = 0, Exp Ans = 0
a = 0100, b = 1000, Ans = 0, Exp Ans = 0
a = 0010, b = 0001, Ans = 1, Exp Ans = 1
a = 0010, b = 0001, Ans = 1, Exp Ans = 1
Stopped at time : 510 ns : File "F:/College/Sem2/EECE 444/Labs/Lab1/BCD2Bin/greater4bit_tb.v" Line 76
